<?xml version="1.0" encoding="UTF-8"?>
<coverage generated="1782852933270" clover="3.2.0">
  <project timestamp="1782852933270" name="All files">
    <metrics statements="54" coveredstatements="53" conditionals="20" coveredconditionals="19" methods="12" coveredmethods="11" elements="86" coveredelements="83" complexity="0" loc="54" ncloc="54" packages="2" files="3" classes="3"/>
    <package name="auth">
      <metrics statements="30" coveredstatements="30" conditionals="7" coveredconditionals="7" methods="7" coveredmethods="7"/>
      <file name="auth.service.ts" path="C:\Users\Jecki\DEV\projects\eco-synthetic\projects\ai-patient-simulator\app\apps\api\src\auth\auth.service.ts">
        <metrics statements="30" coveredstatements="30" conditionals="7" coveredconditionals="7" methods="7" coveredmethods="7"/>
        <line num="2" count="1" type="stmt"/>
        <line num="3" count="1" type="stmt"/>
        <line num="4" count="1" type="stmt"/>
        <line num="5" count="1" type="stmt"/>
        <line num="8" count="1" type="stmt"/>
        <line num="27" count="1" type="stmt"/>
        <line num="29" count="13" type="stmt"/>
        <line num="30" count="13" type="stmt"/>
        <line num="39" count="7" type="stmt"/>
        <line num="44" count="7" type="cond" truecount="1" falsecount="0"/>
        <line num="45" count="1" type="stmt"/>
        <line num="48" count="6" type="cond" truecount="1" falsecount="0"/>
        <line num="49" count="1" type="stmt"/>
        <line num="53" count="5" type="stmt"/>
        <line num="54" count="5" type="cond" truecount="1" falsecount="0"/>
        <line num="55" count="2" type="stmt"/>
        <line num="58" count="3" type="stmt"/>
        <line num="65" count="4" type="stmt"/>
        <line num="70" count="4" type="cond" truecount="3" falsecount="0"/>
        <line num="71" count="2" type="stmt"/>
        <line num="74" count="2" type="stmt"/>
        <line num="75" count="2" type="cond" truecount="1" falsecount="0"/>
        <line num="76" count="1" type="stmt"/>
        <line num="79" count="1" type="stmt"/>
        <line num="87" count="1" type="stmt"/>
        <line num="94" count="1" type="stmt"/>
        <line num="106" count="4" type="stmt"/>
        <line num="112" count="4" type="stmt"/>
        <line num="118" count="4" type="stmt"/>
        <line num="119" count="4" type="stmt"/>
      </file>
    </package>
    <package name="rbac">
      <metrics statements="24" coveredstatements="23" conditionals="13" coveredconditionals="12" methods="5" coveredmethods="4"/>
      <file name="roles.decorator.ts" path="C:\Users\Jecki\DEV\projects\eco-synthetic\projects\ai-patient-simulator\app\apps\api\src\rbac\roles.decorator.ts">
        <metrics statements="4" coveredstatements="3" conditionals="0" coveredconditionals="0" methods="1" coveredmethods="0"/>
        <line num="2" count="1" type="stmt"/>
        <line num="5" count="1" type="stmt"/>
        <line num="6" count="1" type="stmt"/>
        <line num="7" count="0" type="stmt"/>
      </file>
      <file name="roles.guard.ts" path="C:\Users\Jecki\DEV\projects\eco-synthetic\projects\ai-patient-simulator\app\apps\api\src\rbac\roles.guard.ts">
        <metrics statements="20" coveredstatements="20" conditionals="13" coveredconditionals="12" methods="4" coveredmethods="4"/>
        <line num="7" count="1" type="stmt"/>
        <line num="13" count="1" type="stmt"/>
        <line num="14" count="1" type="stmt"/>
        <line num="23" count="1" type="stmt"/>
        <line num="24" count="6" type="stmt"/>
        <line num="27" count="13" type="stmt"/>
        <line num="33" count="13" type="cond" truecount="3" falsecount="0"/>
        <line num="35" count="11" type="stmt"/>
        <line num="36" count="11" type="stmt"/>
        <line num="38" count="11" type="cond" truecount="3" falsecount="0"/>
        <line num="41" count="10" type="cond" truecount="1" falsecount="0"/>
        <line num="44" count="8" type="stmt"/>
        <line num="45" count="8" type="cond" truecount="3" falsecount="0"/>
        <line num="47" count="8" type="stmt"/>
        <line num="48" count="8" type="stmt"/>
        <line num="49" count="8" type="cond" truecount="1" falsecount="0"/>
        <line num="50" count="4" type="cond" truecount="0" falsecount="1"/>
        <line num="51" count="4" type="stmt"/>
        <line num="54" count="8" type="cond" truecount="1" falsecount="0"/>
        <line num="55" count="2" type="stmt"/>
      </file>
    </package>
  </project>
</coverage>
