{"C:\\Users\\Jecki\\DEV\\projects\\eco-synthetic\\projects\\ai-patient-simulator\\app\\apps\\api\\src\\auth\\auth.service.ts": {"path":"C:\\Users\\Jecki\\DEV\\projects\\eco-synthetic\\projects\\ai-patient-simulator\\app\\apps\\api\\src\\auth\\auth.service.ts","statementMap":{"0":{"start":{"line":2,"column":0},"end":{"line":2,"column":86}},"1":{"start":{"line":3,"column":0},"end":{"line":3,"column":41}},"2":{"start":{"line":4,"column":0},"end":{"line":4,"column":33}},"3":{"start":{"line":5,"column":0},"end":{"line":5,"column":56}},"4":{"start":{"line":8,"column":22},"end":{"line":8,"column":24}},"5":{"start":{"line":27,"column":7},"end":{"line":121,"column":null}},"6":{"start":{"line":29,"column":21},"end":{"line":29,"column":29}},"7":{"start":{"line":30,"column":21},"end":{"line":30,"column":26}},"8":{"start":{"line":39,"column":17},"end":{"line":42,"column":6}},"9":{"start":{"line":44,"column":4},"end":{"line":46,"column":5}},"10":{"start":{"line":45,"column":6},"end":{"line":45,"column":62}},"11":{"start":{"line":48,"column":4},"end":{"line":50,"column":5}},"12":{"start":{"line":49,"column":6},"end":{"line":49,"column":81}},"13":{"start":{"line":53,"column":20},"end":{"line":53,"column":73}},"14":{"start":{"line":54,"column":4},"end":{"line":56,"column":5}},"15":{"start":{"line":55,"column":6},"end":{"line":55,"column":61}},"16":{"start":{"line":58,"column":4},"end":{"line":58,"column":70}},"17":{"start":{"line":65,"column":17},"end":{"line":68,"column":6}},"18":{"start":{"line":70,"column":4},"end":{"line":72,"column":5}},"19":{"start":{"line":71,"column":6},"end":{"line":71,"column":61}},"20":{"start":{"line":74,"column":20},"end":{"line":74,"column":73}},"21":{"start":{"line":75,"column":4},"end":{"line":77,"column":5}},"22":{"start":{"line":76,"column":6},"end":{"line":76,"column":61}},"23":{"start":{"line":79,"column":4},"end":{"line":79,"column":70}},"24":{"start":{"line":87,"column":4},"end":{"line":87,"column":45}},"25":{"start":{"line":94,"column":4},"end":{"line":94,"column":45}},"26":{"start":{"line":106,"column":32},"end":{"line":110,"column":7}},"27":{"start":{"line":106,"column":61},"end":{"line":110,"column":6}},"28":{"start":{"line":112,"column":59},"end":{"line":116,"column":6}},"29":{"start":{"line":118,"column":24},"end":{"line":118,"column":46}},"30":{"start":{"line":119,"column":4},"end":{"line":119,"column":42}},"31":{"start":{"line":27,"column":13},"end":{"line":27,"column":24}},"32":{"start":{"line":27,"column":13},"end":{"line":121,"column":null}}},"fnMap":{"0":{"name":"(anonymous_8)","decl":{"start":{"line":28,"column":2},"end":{"line":28,"column":null}},"loc":{"start":{"line":30,"column":36},"end":{"line":31,"column":6}}},"1":{"name":"(anonymous_9)","decl":{"start":{"line":38,"column":2},"end":{"line":38,"column":7}},"loc":{"start":{"line":38,"column":47},"end":{"line":59,"column":3}}},"2":{"name":"(anonymous_10)","decl":{"start":{"line":64,"column":2},"end":{"line":64,"column":7}},"loc":{"start":{"line":64,"column":41},"end":{"line":80,"column":3}}},"3":{"name":"(anonymous_11)","decl":{"start":{"line":86,"column":2},"end":{"line":86,"column":7}},"loc":{"start":{"line":86,"column":34},"end":{"line":88,"column":3}}},"4":{"name":"(anonymous_12)","decl":{"start":{"line":93,"column":2},"end":{"line":93,"column":7}},"loc":{"start":{"line":93,"column":36},"end":{"line":95,"column":3}}},"5":{"name":"(anonymous_13)","decl":{"start":{"line":97,"column":10},"end":{"line":97,"column":20}},"loc":{"start":{"line":104,"column":6},"end":{"line":120,"column":3}}},"6":{"name":"(anonymous_14)","decl":{"start":{"line":106,"column":52},"end":{"line":106,"column":53}},"loc":{"start":{"line":106,"column":61},"end":{"line":110,"column":6}}}},"branchMap":{"0":{"loc":{"start":{"line":44,"column":4},"end":{"line":46,"column":5}},"type":"if","locations":[{"start":{"line":44,"column":4},"end":{"line":46,"column":5}}]},"1":{"loc":{"start":{"line":48,"column":4},"end":{"line":50,"column":5}},"type":"if","locations":[{"start":{"line":48,"column":4},"end":{"line":50,"column":5}}]},"2":{"loc":{"start":{"line":54,"column":4},"end":{"line":56,"column":5}},"type":"if","locations":[{"start":{"line":54,"column":4},"end":{"line":56,"column":5}}]},"3":{"loc":{"start":{"line":70,"column":4},"end":{"line":72,"column":5}},"type":"if","locations":[{"start":{"line":70,"column":4},"end":{"line":72,"column":5}}]},"4":{"loc":{"start":{"line":70,"column":8},"end":{"line":70,"column":35}},"type":"binary-expr","locations":[{"start":{"line":70,"column":8},"end":{"line":70,"column":13}},{"start":{"line":70,"column":17},"end":{"line":70,"column":35}}]},"5":{"loc":{"start":{"line":75,"column":4},"end":{"line":77,"column":5}},"type":"if","locations":[{"start":{"line":75,"column":4},"end":{"line":77,"column":5}}]}},"s":{"0":1,"1":1,"2":1,"3":1,"4":1,"5":1,"6":13,"7":13,"8":7,"9":7,"10":1,"11":6,"12":1,"13":5,"14":5,"15":2,"16":3,"17":4,"18":4,"19":2,"20":2,"21":2,"22":1,"23":1,"24":1,"25":1,"26":4,"27":4,"28":4,"29":4,"30":4,"31":1,"32":1},"f":{"0":13,"1":7,"2":4,"3":1,"4":1,"5":4,"6":4},"b":{"0":[1],"1":[1],"2":[2],"3":[2],"4":[4,3],"5":[1]}}
,"C:\\Users\\Jecki\\DEV\\projects\\eco-synthetic\\projects\\ai-patient-simulator\\app\\apps\\api\\src\\rbac\\roles.decorator.ts": {"path":"C:\\Users\\Jecki\\DEV\\projects\\eco-synthetic\\projects\\ai-patient-simulator\\app\\apps\\api\\src\\rbac\\roles.decorator.ts","statementMap":{"0":{"start":{"line":2,"column":0},"end":{"line":2,"column":45}},"1":{"start":{"line":5,"column":13},"end":{"line":5,"column":42}},"2":{"start":{"line":6,"column":29},"end":{"line":7,"column":31}},"3":{"start":{"line":7,"column":2},"end":{"line":7,"column":31}},"4":{"start":{"line":6,"column":13},"end":{"line":6,"column":29}}},"fnMap":{"0":{"name":"(anonymous_0)","decl":{"start":{"line":6,"column":29},"end":{"line":6,"column":30}},"loc":{"start":{"line":7,"column":2},"end":{"line":7,"column":31}}}},"branchMap":{},"s":{"0":1,"1":1,"2":1,"3":0,"4":1},"f":{"0":0},"b":{}}
,"C:\\Users\\Jecki\\DEV\\projects\\eco-synthetic\\projects\\ai-patient-simulator\\app\\apps\\api\\src\\rbac\\roles.guard.ts": {"path":"C:\\Users\\Jecki\\DEV\\projects\\eco-synthetic\\projects\\ai-patient-simulator\\app\\apps\\api\\src\\rbac\\roles.guard.ts","statementMap":{"0":{"start":{"line":7,"column":0},"end":{"line":7,"column":null}},"1":{"start":{"line":13,"column":0},"end":{"line":13,"column":41}},"2":{"start":{"line":14,"column":0},"end":{"line":14,"column":49}},"3":{"start":{"line":23,"column":7},"end":{"line":57,"column":null}},"4":{"start":{"line":24,"column":31},"end":{"line":24,"column":42}},"5":{"start":{"line":27,"column":26},"end":{"line":29,"column":null}},"6":{"start":{"line":33,"column":4},"end":{"line":33,"column":66}},"7":{"start":{"line":33,"column":54},"end":{"line":33,"column":66}},"8":{"start":{"line":35,"column":20},"end":{"line":35,"column":72}},"9":{"start":{"line":36,"column":17},"end":{"line":36,"column":29}},"10":{"start":{"line":38,"column":4},"end":{"line":38,"column":62}},"11":{"start":{"line":38,"column":31},"end":{"line":38,"column":62}},"12":{"start":{"line":41,"column":4},"end":{"line":41,"column":72}},"13":{"start":{"line":41,"column":32},"end":{"line":41,"column":57}},"14":{"start":{"line":41,"column":60},"end":{"line":41,"column":72}},"15":{"start":{"line":44,"column":19},"end":{"line":44,"column":33}},"16":{"start":{"line":45,"column":20},"end":{"line":45,"column":69}},"17":{"start":{"line":47,"column":20},"end":{"line":52,"column":6}},"18":{"start":{"line":48,"column":24},"end":{"line":48,"column":70}},"19":{"start":{"line":49,"column":6},"end":{"line":49,"column":35}},"20":{"start":{"line":49,"column":22},"end":{"line":49,"column":35}},"21":{"start":{"line":50,"column":6},"end":{"line":50,"column":32}},"22":{"start":{"line":50,"column":20},"end":{"line":50,"column":32}},"23":{"start":{"line":51,"column":6},"end":{"line":51,"column":39}},"24":{"start":{"line":54,"column":4},"end":{"line":54,"column":86}},"25":{"start":{"line":54,"column":18},"end":{"line":54,"column":86}},"26":{"start":{"line":55,"column":4},"end":{"line":55,"column":16}},"27":{"start":{"line":23,"column":13},"end":{"line":23,"column":23}},"28":{"start":{"line":23,"column":13},"end":{"line":57,"column":null}}},"fnMap":{"0":{"name":"(anonymous_2)","decl":{"start":{"line":24,"column":2},"end":{"line":24,"column":31}},"loc":{"start":{"line":24,"column":51},"end":{"line":24,"column":55}}},"1":{"name":"(anonymous_3)","decl":{"start":{"line":26,"column":2},"end":{"line":26,"column":13}},"loc":{"start":{"line":26,"column":39},"end":{"line":56,"column":3}}},"2":{"name":"(anonymous_4)","decl":{"start":{"line":41,"column":25},"end":{"line":41,"column":26}},"loc":{"start":{"line":41,"column":32},"end":{"line":41,"column":57}}},"3":{"name":"(anonymous_5)","decl":{"start":{"line":47,"column":37},"end":{"line":47,"column":38}},"loc":{"start":{"line":47,"column":47},"end":{"line":52,"column":5}}}},"branchMap":{"0":{"loc":{"start":{"line":33,"column":4},"end":{"line":33,"column":66}},"type":"if","locations":[{"start":{"line":33,"column":4},"end":{"line":33,"column":66}}]},"1":{"loc":{"start":{"line":33,"column":8},"end":{"line":33,"column":52}},"type":"binary-expr","locations":[{"start":{"line":33,"column":8},"end":{"line":33,"column":22}},{"start":{"line":33,"column":26},"end":{"line":33,"column":52}}]},"2":{"loc":{"start":{"line":38,"column":4},"end":{"line":38,"column":62}},"type":"if","locations":[{"start":{"line":38,"column":4},"end":{"line":38,"column":62}}]},"3":{"loc":{"start":{"line":38,"column":8},"end":{"line":38,"column":29}},"type":"binary-expr","locations":[{"start":{"line":38,"column":8},"end":{"line":38,"column":13}},{"start":{"line":38,"column":17},"end":{"line":38,"column":29}}]},"4":{"loc":{"start":{"line":41,"column":4},"end":{"line":41,"column":72}},"type":"if","locations":[{"start":{"line":41,"column":4},"end":{"line":41,"column":72}}]},"5":{"loc":{"start":{"line":45,"column":20},"end":{"line":45,"column":69}},"type":"binary-expr","locations":[{"start":{"line":45,"column":20},"end":{"line":45,"column":38}},{"start":{"line":45,"column":42},"end":{"line":45,"column":61}},{"start":{"line":45,"column":65},"end":{"line":45,"column":69}}]},"6":{"loc":{"start":{"line":49,"column":6},"end":{"line":49,"column":35}},"type":"if","locations":[{"start":{"line":49,"column":6},"end":{"line":49,"column":35}}]},"7":{"loc":{"start":{"line":50,"column":6},"end":{"line":50,"column":32}},"type":"if","locations":[{"start":{"line":50,"column":6},"end":{"line":50,"column":32}}]},"8":{"loc":{"start":{"line":54,"column":4},"end":{"line":54,"column":86}},"type":"if","locations":[{"start":{"line":54,"column":4},"end":{"line":54,"column":86}}]}},"s":{"0":1,"1":1,"2":1,"3":1,"4":6,"5":13,"6":13,"7":2,"8":11,"9":11,"10":11,"11":1,"12":10,"13":10,"14":2,"15":8,"16":8,"17":8,"18":8,"19":8,"20":4,"21":4,"22":0,"23":4,"24":8,"25":6,"26":2,"27":1,"28":1},"f":{"0":6,"1":13,"2":10,"3":8},"b":{"0":[2],"1":[13,12],"2":[1],"3":[11,10],"4":[2],"5":[8,2,1],"6":[4],"7":[0],"8":[6]}}
}
