TN:
SF:src\auth\auth.service.ts
FN:28,(anonymous_8)
FN:38,(anonymous_9)
FN:64,(anonymous_10)
FN:86,(anonymous_11)
FN:93,(anonymous_12)
FN:97,(anonymous_13)
FN:106,(anonymous_14)
FNF:7
FNH:7
FNDA:13,(anonymous_8)
FNDA:7,(anonymous_9)
FNDA:4,(anonymous_10)
FNDA:1,(anonymous_11)
FNDA:1,(anonymous_12)
FNDA:4,(anonymous_13)
FNDA:4,(anonymous_14)
DA:2,1
DA:3,1
DA:4,1
DA:5,1
DA:8,1
DA:27,1
DA:29,13
DA:30,13
DA:39,7
DA:44,7
DA:45,1
DA:48,6
DA:49,1
DA:53,5
DA:54,5
DA:55,2
DA:58,3
DA:65,4
DA:70,4
DA:71,2
DA:74,2
DA:75,2
DA:76,1
DA:79,1
DA:87,1
DA:94,1
DA:106,4
DA:112,4
DA:118,4
DA:119,4
LF:30
LH:30
BRDA:44,0,0,1
BRDA:48,1,0,1
BRDA:54,2,0,2
BRDA:70,3,0,2
BRDA:70,4,0,4
BRDA:70,4,1,3
BRDA:75,5,0,1
BRF:7
BRH:7
end_of_record
TN:
SF:src\rbac\roles.decorator.ts
FN:6,(anonymous_0)
FNF:1
FNH:0
FNDA:0,(anonymous_0)
DA:2,1
DA:5,1
DA:6,1
DA:7,0
LF:4
LH:3
BRF:0
BRH:0
end_of_record
TN:
SF:src\rbac\roles.guard.ts
FN:24,(anonymous_2)
FN:26,(anonymous_3)
FN:41,(anonymous_4)
FN:47,(anonymous_5)
FNF:4
FNH:4
FNDA:6,(anonymous_2)
FNDA:13,(anonymous_3)
FNDA:10,(anonymous_4)
FNDA:8,(anonymous_5)
DA:7,1
DA:13,1
DA:14,1
DA:23,1
DA:24,6
DA:27,13
DA:33,13
DA:35,11
DA:36,11
DA:38,11
DA:41,10
DA:44,8
DA:45,8
DA:47,8
DA:48,8
DA:49,8
DA:50,4
DA:51,4
DA:54,8
DA:55,2
LF:20
LH:20
BRDA:33,0,0,2
BRDA:33,1,0,13
BRDA:33,1,1,12
BRDA:38,2,0,1
BRDA:38,3,0,11
BRDA:38,3,1,10
BRDA:41,4,0,2
BRDA:45,5,0,8
BRDA:45,5,1,2
BRDA:45,5,2,1
BRDA:49,6,0,4
BRDA:50,7,0,0
BRDA:54,8,0,6
BRF:13
BRH:12
end_of_record
