<?xml version="1.0" encoding="UTF-8"?>
<coverage generated="1782852808249" clover="3.2.0">
  <project timestamp="1782852808249" name="All files">
    <metrics statements="26" coveredstatements="23" conditionals="13" coveredconditionals="10" methods="8" coveredmethods="6" elements="47" coveredelements="39" complexity="0" loc="26" ncloc="26" packages="2" files="4" classes="4"/>
    <package name="fixtures">
      <metrics statements="4" coveredstatements="4" conditionals="0" coveredconditionals="0" methods="2" coveredmethods="2"/>
      <file name="attempt-totals.fixture.ts" path="C:\Users\Jecki\DEV\projects\eco-synthetic\projects\ai-patient-simulator\app\packages\engine-test-harness\src\fixtures\attempt-totals.fixture.ts">
        <metrics statements="2" coveredstatements="2" conditionals="0" coveredconditionals="0" methods="1" coveredmethods="1"/>
        <line num="4" count="3" type="stmt"/>
        <line num="5" count="41" type="stmt"/>
      </file>
      <file name="ground-truth.fixture.ts" path="C:\Users\Jecki\DEV\projects\eco-synthetic\projects\ai-patient-simulator\app\packages\engine-test-harness\src\fixtures\ground-truth.fixture.ts">
        <metrics statements="2" coveredstatements="2" conditionals="0" coveredconditionals="0" methods="1" coveredmethods="1"/>
        <line num="4" count="2" type="stmt"/>
        <line num="5" count="36" type="stmt"/>
      </file>
    </package>
    <package name="providers">
      <metrics statements="22" coveredstatements="19" conditionals="13" coveredconditionals="10" methods="6" coveredmethods="4"/>
      <file name="flip-guard.stub.ts" path="C:\Users\Jecki\DEV\projects\eco-synthetic\projects\ai-patient-simulator\app\packages\engine-test-harness\src\providers\flip-guard.stub.ts">
        <metrics statements="11" coveredstatements="10" conditionals="6" coveredconditionals="5" methods="3" coveredmethods="2"/>
        <line num="4" count="2" type="stmt"/>
        <line num="6" count="2" type="stmt"/>
        <line num="7" count="8" type="stmt"/>
        <line num="11" count="8" type="stmt"/>
        <line num="15" count="34" type="cond" truecount="1" falsecount="0"/>
        <line num="16" count="16" type="stmt"/>
        <line num="17" count="16" type="cond" truecount="2" falsecount="0"/>
        <line num="19" count="16" type="cond" truecount="2" falsecount="0"/>
        <line num="27" count="16" type="stmt"/>
        <line num="36" count="18" type="stmt"/>
        <line num="46" count="0" type="stmt"/>
      </file>
      <file name="scripted.stub.ts" path="C:\Users\Jecki\DEV\projects\eco-synthetic\projects\ai-patient-simulator\app\packages\engine-test-harness\src\providers\scripted.stub.ts">
        <metrics statements="11" coveredstatements="9" conditionals="7" coveredconditionals="5" methods="3" coveredmethods="2"/>
        <line num="8" count="2" type="stmt"/>
        <line num="10" count="21" type="stmt"/>
        <line num="13" count="21" type="stmt"/>
        <line num="17" count="50" type="stmt"/>
        <line num="18" count="50" type="cond" truecount="2" falsecount="1"/>
        <line num="19" count="0" type="stmt"/>
        <line num="28" count="50" type="cond" truecount="2" falsecount="0"/>
        <line num="29" count="50" type="cond" truecount="1" falsecount="1"/>
        <line num="30" count="50" type="stmt"/>
        <line num="32" count="50" type="stmt"/>
        <line num="42" count="0" type="stmt"/>
      </file>
    </package>
  </project>
</coverage>
