{"C:\\Users\\Jecki\\DEV\\projects\\eco-synthetic\\projects\\ai-patient-simulator\\app\\packages\\engine-test-harness\\src\\fixtures\\attempt-totals.fixture.ts": {"path":"C:\\Users\\Jecki\\DEV\\projects\\eco-synthetic\\projects\\ai-patient-simulator\\app\\packages\\engine-test-harness\\src\\fixtures\\attempt-totals.fixture.ts","statementMap":{"0":{"start":{"line":5,"column":2},"end":{"line":11,"column":4}},"1":{"start":{"line":4,"column":0},"end":{"line":4,"column":16}}},"fnMap":{"0":{"name":"buildTestAttemptTotals","decl":{"start":{"line":4,"column":16},"end":{"line":4,"column":38}},"loc":{"start":{"line":4,"column":73},"end":{"line":12,"column":1}}}},"branchMap":{},"s":{"0":41,"1":3},"f":{"0":41},"b":{}}
,"C:\\Users\\Jecki\\DEV\\projects\\eco-synthetic\\projects\\ai-patient-simulator\\app\\packages\\engine-test-harness\\src\\fixtures\\ground-truth.fixture.ts": {"path":"C:\\Users\\Jecki\\DEV\\projects\\eco-synthetic\\projects\\ai-patient-simulator\\app\\packages\\engine-test-harness\\src\\fixtures\\ground-truth.fixture.ts","statementMap":{"0":{"start":{"line":5,"column":2},"end":{"line":18,"column":4}},"1":{"start":{"line":4,"column":0},"end":{"line":4,"column":16}}},"fnMap":{"0":{"name":"buildTestGroundTruth","decl":{"start":{"line":4,"column":16},"end":{"line":4,"column":36}},"loc":{"start":{"line":4,"column":72},"end":{"line":19,"column":1}}}},"branchMap":{},"s":{"0":36,"1":2},"f":{"0":36},"b":{}}
,"C:\\Users\\Jecki\\DEV\\projects\\eco-synthetic\\projects\\ai-patient-simulator\\app\\packages\\engine-test-harness\\src\\providers\\flip-guard.stub.ts": {"path":"C:\\Users\\Jecki\\DEV\\projects\\eco-synthetic\\projects\\ai-patient-simulator\\app\\packages\\engine-test-harness\\src\\providers\\flip-guard.stub.ts","statementMap":{"0":{"start":{"line":4,"column":0},"end":{"line":4,"column":40}},"1":{"start":{"line":7,"column":27},"end":{"line":7,"column":28}},"2":{"start":{"line":11,"column":4},"end":{"line":11,"column":31}},"3":{"start":{"line":15,"column":4},"end":{"line":34,"column":5}},"4":{"start":{"line":16,"column":6},"end":{"line":16,"column":28}},"5":{"start":{"line":17,"column":22},"end":{"line":17,"column":77}},"6":{"start":{"line":19,"column":8},"end":{"line":25,"column":79}},"7":{"start":{"line":27,"column":6},"end":{"line":33,"column":8}},"8":{"start":{"line":36,"column":4},"end":{"line":42,"column":6}},"9":{"start":{"line":46,"column":4},"end":{"line":46,"column":13}},"10":{"start":{"line":6,"column":0},"end":{"line":6,"column":13}}},"fnMap":{"0":{"name":"(anonymous_0)","decl":{"start":{"line":10,"column":2},"end":{"line":10,"column":14}},"loc":{"start":{"line":10,"column":27},"end":{"line":12,"column":3}}},"1":{"name":"(anonymous_1)","decl":{"start":{"line":14,"column":2},"end":{"line":14,"column":7}},"loc":{"start":{"line":14,"column":32},"end":{"line":43,"column":3}}},"2":{"name":"(anonymous_2)","decl":{"start":{"line":45,"column":2},"end":{"line":45,"column":14}},"loc":{"start":{"line":45,"column":14},"end":{"line":47,"column":3}}}},"branchMap":{"0":{"loc":{"start":{"line":10,"column":14},"end":{"line":10,"column":27}},"type":"default-arg","locations":[{"start":{"line":10,"column":26},"end":{"line":10,"column":27}}]},"1":{"loc":{"start":{"line":15,"column":4},"end":{"line":34,"column":5}},"type":"if","locations":[{"start":{"line":15,"column":4},"end":{"line":34,"column":5}}]},"2":{"loc":{"start":{"line":17,"column":22},"end":{"line":17,"column":77}},"type":"cond-expr","locations":[{"start":{"line":17,"column":62},"end":{"line":17,"column":68}},{"start":{"line":17,"column":71},"end":{"line":17,"column":77}}]},"3":{"loc":{"start":{"line":19,"column":8},"end":{"line":25,"column":79}},"type":"cond-expr","locations":[{"start":{"line":20,"column":12},"end":{"line":24,"column":14}},{"start":{"line":25,"column":12},"end":{"line":25,"column":79}}]}},"s":{"0":2,"1":8,"2":8,"3":34,"4":16,"5":16,"6":16,"7":16,"8":18,"9":0,"10":2},"f":{"0":8,"1":34,"2":0},"b":{"0":[0],"1":[16],"2":[13,3],"3":[13,3]}}
,"C:\\Users\\Jecki\\DEV\\projects\\eco-synthetic\\projects\\ai-patient-simulator\\app\\packages\\engine-test-harness\\src\\providers\\scripted.stub.ts": {"path":"C:\\Users\\Jecki\\DEV\\projects\\eco-synthetic\\projects\\ai-patient-simulator\\app\\packages\\engine-test-harness\\src\\providers\\scripted.stub.ts","statementMap":{"0":{"start":{"line":10,"column":66},"end":{"line":10,"column":68}},"1":{"start":{"line":13,"column":4},"end":{"line":13,"column":25}},"2":{"start":{"line":17,"column":18},"end":{"line":17,"column":44}},"3":{"start":{"line":18,"column":4},"end":{"line":26,"column":5}},"4":{"start":{"line":19,"column":6},"end":{"line":25,"column":8}},"5":{"start":{"line":28,"column":16},"end":{"line":28,"column":49}},"6":{"start":{"line":29,"column":17},"end":{"line":29,"column":77}},"7":{"start":{"line":30,"column":4},"end":{"line":30,"column":43}},"8":{"start":{"line":32,"column":4},"end":{"line":38,"column":6}},"9":{"start":{"line":42,"column":4},"end":{"line":42,"column":13}},"10":{"start":{"line":8,"column":0},"end":{"line":8,"column":13}}},"fnMap":{"0":{"name":"(anonymous_0)","decl":{"start":{"line":12,"column":2},"end":{"line":12,"column":14}},"loc":{"start":{"line":12,"column":28},"end":{"line":14,"column":3}}},"1":{"name":"(anonymous_1)","decl":{"start":{"line":16,"column":2},"end":{"line":16,"column":7}},"loc":{"start":{"line":16,"column":32},"end":{"line":39,"column":3}}},"2":{"name":"(anonymous_2)","decl":{"start":{"line":41,"column":2},"end":{"line":41,"column":14}},"loc":{"start":{"line":41,"column":14},"end":{"line":43,"column":3}}}},"branchMap":{"0":{"loc":{"start":{"line":18,"column":4},"end":{"line":26,"column":5}},"type":"if","locations":[{"start":{"line":18,"column":4},"end":{"line":26,"column":5}}]},"1":{"loc":{"start":{"line":18,"column":8},"end":{"line":18,"column":36}},"type":"binary-expr","locations":[{"start":{"line":18,"column":8},"end":{"line":18,"column":14}},{"start":{"line":18,"column":18},"end":{"line":18,"column":36}}]},"2":{"loc":{"start":{"line":28,"column":16},"end":{"line":28,"column":49}},"type":"binary-expr","locations":[{"start":{"line":28,"column":16},"end":{"line":28,"column":44}},{"start":{"line":28,"column":48},"end":{"line":28,"column":49}}]},"3":{"loc":{"start":{"line":29,"column":17},"end":{"line":29,"column":77}},"type":"binary-expr","locations":[{"start":{"line":29,"column":17},"end":{"line":29,"column":42}},{"start":{"line":29,"column":46},"end":{"line":29,"column":77}}]}},"s":{"0":21,"1":21,"2":50,"3":50,"4":0,"5":50,"6":50,"7":50,"8":50,"9":0,"10":2},"f":{"0":21,"1":50,"2":0},"b":{"0":[0],"1":[50,50],"2":[50,50],"3":[50,0]}}
}
