TN:
SF:src\fixtures\attempt-totals.fixture.ts
FN:4,buildTestAttemptTotals
FNF:1
FNH:1
FNDA:41,buildTestAttemptTotals
DA:4,3
DA:5,41
LF:2
LH:2
BRF:0
BRH:0
end_of_record
TN:
SF:src\fixtures\ground-truth.fixture.ts
FN:4,buildTestGroundTruth
FNF:1
FNH:1
FNDA:36,buildTestGroundTruth
DA:4,2
DA:5,36
LF:2
LH:2
BRF:0
BRH:0
end_of_record
TN:
SF:src\providers\flip-guard.stub.ts
FN:10,(anonymous_0)
FN:14,(anonymous_1)
FN:45,(anonymous_2)
FNF:3
FNH:2
FNDA:8,(anonymous_0)
FNDA:34,(anonymous_1)
FNDA:0,(anonymous_2)
DA:4,2
DA:6,2
DA:7,8
DA:11,8
DA:15,34
DA:16,16
DA:17,16
DA:19,16
DA:27,16
DA:36,18
DA:46,0
LF:11
LH:10
BRDA:10,0,0,0
BRDA:15,1,0,16
BRDA:17,2,0,13
BRDA:17,2,1,3
BRDA:19,3,0,13
BRDA:19,3,1,3
BRF:6
BRH:5
end_of_record
TN:
SF:src\providers\scripted.stub.ts
FN:12,(anonymous_0)
FN:16,(anonymous_1)
FN:41,(anonymous_2)
FNF:3
FNH:2
FNDA:21,(anonymous_0)
FNDA:50,(anonymous_1)
FNDA:0,(anonymous_2)
DA:8,2
DA:10,21
DA:13,21
DA:17,50
DA:18,50
DA:19,0
DA:28,50
DA:29,50
DA:30,50
DA:32,50
DA:42,0
LF:11
LH:9
BRDA:18,0,0,0
BRDA:18,1,0,50
BRDA:18,1,1,50
BRDA:28,2,0,50
BRDA:28,2,1,50
BRDA:29,3,0,50
BRDA:29,3,1,0
BRF:7
BRH:5
end_of_record
